<?xml version="1.0" encoding="UTF-8"?>
<!-- Generated by org.testng.reporters.JUnitXMLReporter -->
<testsuite ignored="0" hostname="DESKTOP-I5SEA3K" failures="0" tests="4" name="Default test" time="3.519" errors="0" timestamp="2024-03-22T19:37:44 IST">
  <testcase classname="com.api.HttpsRequests" name="createUser" time="2.028"/>
  <testcase classname="com.api.HttpsRequests" name="listAllUsers" time="0.294"/>
  <testcase classname="com.api.HttpsRequests" name="updateUser" time="0.593"/>
  <testcase classname="com.api.HttpsRequests" name="deleteUser" time="0.565"/>
</testsuite> <!-- Default test -->
