<?xml version="1.0" encoding="UTF-8"?>
<testng-results ignored="0" total="4" passed="4" failed="0" skipped="0">
  <reporter-output>
  </reporter-output>
  <suite started-at="2024-03-22T19:37:41 IST" name="Default suite" finished-at="2024-03-22T19:37:44 IST" duration-ms="3519">
    <groups>
    </groups>
    <test started-at="2024-03-22T19:37:41 IST" name="Default test" finished-at="2024-03-22T19:37:44 IST" duration-ms="3519">
      <class name="com.api.HttpsRequests">
        <test-method signature="createUser()[pri:1, instance:com.api.HttpsRequests@dd8ba08]" started-at="2024-03-22T19:37:41 IST" name="createUser" finished-at="2024-03-22T19:37:43 IST" duration-ms="2028" status="PASS">
          <reporter-output>
          </reporter-output>
        </test-method> <!-- createUser -->
        <test-method signature="listAllUsers()[pri:2, instance:com.api.HttpsRequests@dd8ba08]" started-at="2024-03-22T19:37:43 IST" name="listAllUsers" finished-at="2024-03-22T19:37:43 IST" duration-ms="294" status="PASS">
          <reporter-output>
          </reporter-output>
        </test-method> <!-- listAllUsers -->
        <test-method signature="updateUser()[pri:3, instance:com.api.HttpsRequests@dd8ba08]" started-at="2024-03-22T19:37:43 IST" name="updateUser" finished-at="2024-03-22T19:37:44 IST" depends-on-methods="com.api.HttpsRequests.createUser" duration-ms="593" status="PASS">
          <reporter-output>
          </reporter-output>
        </test-method> <!-- updateUser -->
        <test-method signature="deleteUser()[pri:4, instance:com.api.HttpsRequests@dd8ba08]" started-at="2024-03-22T19:37:44 IST" name="deleteUser" finished-at="2024-03-22T19:37:44 IST" duration-ms="565" status="PASS">
          <reporter-output>
          </reporter-output>
        </test-method> <!-- deleteUser -->
      </class> <!-- com.api.HttpsRequests -->
    </test> <!-- Default test -->
  </suite> <!-- Default suite -->
</testng-results>
